Using pre-set license
Built from '2021.2/release' branch; Version is '2021.2.0f1 (4bf1ec4b23c9) revision 4977132'; Using compiler version '192829333'; Build Type 'Release'
OS: 'Windows 10 Home; OS build 19043.1348; Version 2009; 64bit' Language: 'en' Physical Memory: 32704 MB
BatchMode: 1, IsHumanControllingUs: 0, StartBugReporterOnCrash: 0, Is64bit: 1, IsPro: 0

COMMAND LINE ARGUMENTS:
C:\Program Files\Unity\2021.2.0f1\Editor\Unity.exe
-adb2
-batchMode
-noUpm
-name
AssetImportWorker8
-projectPath
E:/Programming/Tutoring/Orfeas/FPRPG MKII
-logFile
Logs/AssetImportWorker8.log
-srvPort
54167
Successfully changed project path to: E:/Programming/Tutoring/Orfeas/FPRPG MKII
E:/Programming/Tutoring/Orfeas/FPRPG MKII
[UnityMemory] Configuration Parameters - Can be set up in boot.config
    "memorysetup-bucket-allocator-granularity=16"
    "memorysetup-bucket-allocator-bucket-count=8"
    "memorysetup-bucket-allocator-block-size=33554432"
    "memorysetup-bucket-allocator-block-count=8"
    "memorysetup-main-allocator-block-size=16777216"
    "memorysetup-thread-allocator-block-size=16777216"
    "memorysetup-gfx-main-allocator-block-size=16777216"
    "memorysetup-gfx-thread-allocator-block-size=16777216"
    "memorysetup-cache-allocator-block-size=4194304"
    "memorysetup-typetree-allocator-block-size=2097152"
    "memorysetup-profiler-bucket-allocator-granularity=16"
    "memorysetup-profiler-bucket-allocator-bucket-count=8"
    "memorysetup-profiler-bucket-allocator-block-size=33554432"
    "memorysetup-profiler-bucket-allocator-block-count=8"
    "memorysetup-profiler-allocator-block-size=16777216"
    "memorysetup-profiler-editor-allocator-block-size=1048576"
    "memorysetup-temp-allocator-size-main=16777216"
    "memorysetup-job-temp-allocator-block-size=2097152"
    "memorysetup-job-temp-allocator-block-size-background=1048576"
    "memorysetup-job-temp-allocator-reduction-small-platforms=262144"
    "memorysetup-temp-allocator-size-background-worker=32768"
    "memorysetup-temp-allocator-size-job-worker=262144"
    "memorysetup-temp-allocator-size-preload-manager=33554432"
    "memorysetup-temp-allocator-size-nav-mesh-worker=65536"
    "memorysetup-temp-allocator-size-audio-worker=65536"
    "memorysetup-temp-allocator-size-cloud-worker=32768"
    "memorysetup-temp-allocator-size-gi-baking-worker=262144"
    "memorysetup-temp-allocator-size-gfx=262144"
Refreshing native plugins compatible for Editor in 72.81 ms, found 3 plugins.
Preloading 0 native plugins for Editor in 0.00 ms.
Initialize engine version: 2021.2.0f1 (4bf1ec4b23c9)
[Subsystems] Discovering subsystems at path C:/Program Files/Unity/2021.2.0f1/Editor/Data/Resources/UnitySubsystems
[Subsystems] Discovering subsystems at path E:/Programming/Tutoring/Orfeas/FPRPG MKII/Assets
GfxDevice: creating device client; threaded=0; jobified=0
Direct3D:
    Version:  Direct3D 11.0 [level 11.1]
    Renderer: NVIDIA GeForce GTX 1060 6GB (ID=0x1c03)
    Vendor:   NVIDIA
    VRAM:     6052 MB
    Driver:   30.0.14.9676
Initialize mono
Mono path[0] = 'C:/Program Files/Unity/2021.2.0f1/Editor/Data/Managed'
Mono path[1] = 'C:/Program Files/Unity/2021.2.0f1/Editor/Data/MonoBleedingEdge/lib/mono/unityjit-win32'
Mono config path = 'C:/Program Files/Unity/2021.2.0f1/Editor/Data/MonoBleedingEdge/etc'
Using monoOptions --debugger-agent=transport=dt_socket,embedding=1,server=y,suspend=n,address=127.0.0.1:56384
Begin MonoManager ReloadAssembly
Registering precompiled unity dll's ...
Register platform support module: C:/Program Files/Unity/2021.2.0f1/Editor/Data/PlaybackEngines/WindowsStandaloneSupport/UnityEditor.WindowsStandalone.Extensions.dll
Registered in 0.009280 seconds.
Native extension for WindowsStandalone target not found
Refreshing native plugins compatible for Editor in 76.54 ms, found 3 plugins.
Preloading 0 native plugins for Editor in 0.00 ms.
Mono: successfully reloaded assembly
- Completed reload, in  0.901 seconds
Domain Reload Profiling:
	ReloadAssembly (902ms)
		BeginReloadAssembly (73ms)
			ExecutionOrderSort (0ms)
			DisableScriptedObjects (0ms)
			BackupInstance (0ms)
			ReleaseScriptingObjects (0ms)
			CreateAndSetChildDomain (1ms)
		EndReloadAssembly (418ms)
			LoadAssemblies (70ms)
			RebuildTransferFunctionScriptingTraits (0ms)
			SetupTypeCache (94ms)
			ReleaseScriptCaches (0ms)
			RebuildScriptCaches (24ms)
			SetupLoadedEditorAssemblies (253ms)
				LogAssemblyErrors (0ms)
				InitializePlatformSupportModulesInManaged (6ms)
				SetLoadedEditorAssemblies (0ms)
				RefreshPlugins (77ms)
				BeforeProcessingInitializeOnLoad (1ms)
				ProcessInitializeOnLoadAttributes (128ms)
				ProcessInitializeOnLoadMethodAttributes (41ms)
				AfterProcessingInitializeOnLoad (0ms)
				EditorAssembliesLoaded (0ms)
			ExecutionOrderSort2 (0ms)
			AwakeInstancesAfterBackupRestoration (0ms)
Platform modules already initialized, skipping
Registering precompiled user dll's ...
Registered in 0.004764 seconds.
Begin MonoManager ReloadAssembly
Symbol file LoadedFromMemory doesn't match image E:\Programming\Tutoring\Orfeas\FPRPG MKII\Library\PackageCache\com.unity.visualscripting@1.7.2\Editor\VisualScripting.Core\Dependencies\YamlDotNet\Unity.VisualScripting.YamlDotNet.dll
Symbol file LoadedFromMemory doesn't match image E:\Programming\Tutoring\Orfeas\FPRPG MKII\Library\PackageCache\com.unity.visualscripting@1.7.2\Editor\VisualScripting.Core\Dependencies\DotNetZip\Unity.VisualScripting.IonicZip.dll
Native extension for WindowsStandalone target not found
Refreshing native plugins compatible for Editor in 0.70 ms, found 3 plugins.
Preloading 0 native plugins for Editor in 0.00 ms.
Mono: successfully reloaded assembly
- Completed reload, in  0.997 seconds
Domain Reload Profiling:
	ReloadAssembly (998ms)
		BeginReloadAssembly (162ms)
			ExecutionOrderSort (0ms)
			DisableScriptedObjects (6ms)
			BackupInstance (0ms)
			ReleaseScriptingObjects (0ms)
			CreateAndSetChildDomain (20ms)
		EndReloadAssembly (739ms)
			LoadAssemblies (74ms)
			RebuildTransferFunctionScriptingTraits (0ms)
			SetupTypeCache (213ms)
			ReleaseScriptCaches (1ms)
			RebuildScriptCaches (44ms)
			SetupLoadedEditorAssemblies (323ms)
				LogAssemblyErrors (0ms)
				InitializePlatformSupportModulesInManaged (11ms)
				SetLoadedEditorAssemblies (0ms)
				RefreshPlugins (1ms)
				BeforeProcessingInitializeOnLoad (68ms)
				ProcessInitializeOnLoadAttributes (211ms)
				ProcessInitializeOnLoadMethodAttributes (20ms)
				AfterProcessingInitializeOnLoad (10ms)
				EditorAssembliesLoaded (0ms)
			ExecutionOrderSort2 (0ms)
			AwakeInstancesAfterBackupRestoration (5ms)
Platform modules already initialized, skipping
========================================================================
Worker process is ready to serve import requests
Launched and connected shader compiler UnityShaderCompiler.exe after 0.07 seconds
Refreshing native plugins compatible for Editor in 0.82 ms, found 3 plugins.
Preloading 0 native plugins for Editor in 0.00 ms.
Unloading 3082 Unused Serialized files (Serialized files now loaded: 0)
Unloading 23 unused Assets / (55.8 KB). Loaded Objects now: 3543.
Memory consumption went from 112.2 MB to 112.2 MB.
Total: 2.969700 ms (FindLiveObjects: 0.330100 ms CreateObjectMapping: 0.097000 ms MarkObjects: 2.473900 ms  DeleteObjects: 0.067800 ms)

AssetImportParameters requested are different than current active one (requested -> active):
  custom:video-decoder-ogg-theora: a1e56fd34408186e4bbccfd4996cb3dc -> 
  custom:container-muxer-webm: aa71ff27fc2769a1b78a27578f13a17b -> 
  custom:container-demuxer-webm: 4f35f7cbe854078d1ac9338744f61a02 -> 
  custom:video-encoder-webm-vp8: eb34c28f22e8b96e1ab97ce403110664 -> 
  custom:audio-encoder-webm-vorbis: bf7c407c2cedff20999df2af8eb42d56 -> 
  custom:framework-win-MediaFoundation: 216162199b28c13a410421893ffa2e32 -> 
  custom:container-demuxer-ogg: 62fdf1f143b41e24485cea50d1cbac27 -> 
  custom:video-decoder-webm-vp8: 9c59270c3fd7afecdb556c50c9e8de78 -> 
  custom:audio-decoder-ogg-vorbis: bf7c407c2cedff20999df2af8eb42d56 -> 
========================================================================
Received Import Request.
  Time since last request: 1141764.012573 seconds.
  path: Assets/Effects/smokeparticleassets/PNG/White puff/whitePuff00.png
  artifactKey: Guid(44e2cb17aca43c24cbb8a684aa6d42d5) Importer(815301076,1909f56bfc062723c751e8b465ee728b)
Start importing Assets/Effects/smokeparticleassets/PNG/White puff/whitePuff00.png using Guid(44e2cb17aca43c24cbb8a684aa6d42d5) Importer(815301076,1909f56bfc062723c751e8b465ee728b)  -> (artifact id: '62943436cd17dd5d3b92c42e732b97f8') in 0.073163 seconds 
========================================================================
Received Import Request.
  Time since last request: 0.000019 seconds.
  path: Assets/Effects/smokeparticleassets/PNG/White puff/whitePuff11.png
  artifactKey: Guid(33e840b12d025714b879a96fc154547d) Importer(815301076,1909f56bfc062723c751e8b465ee728b)
Start importing Assets/Effects/smokeparticleassets/PNG/White puff/whitePuff11.png using Guid(33e840b12d025714b879a96fc154547d) Importer(815301076,1909f56bfc062723c751e8b465ee728b)  -> (artifact id: '380b97addad82774ffd1ccfcb48f7591') in 0.016931 seconds 
========================================================================
Received Import Request.
  Time since last request: 0.000023 seconds.
  path: Assets/Effects/smokeparticleassets/PNG/White puff/whitePuff02.png
  artifactKey: Guid(73f07e3eac8553a41987b378cd2ac010) Importer(815301076,1909f56bfc062723c751e8b465ee728b)
Start importing Assets/Effects/smokeparticleassets/PNG/White puff/whitePuff02.png using Guid(73f07e3eac8553a41987b378cd2ac010) Importer(815301076,1909f56bfc062723c751e8b465ee728b)  -> (artifact id: 'd59d1eade8ec18259644222ff5e80d2f') in 0.013881 seconds 
========================================================================
Received Import Request.
  Time since last request: 0.000020 seconds.
  path: Assets/Effects/smokeparticleassets/PNG/White puff/whitePuff15.png
  artifactKey: Guid(bf3406462edd36047b82f35f4004e310) Importer(815301076,1909f56bfc062723c751e8b465ee728b)
Start importing Assets/Effects/smokeparticleassets/PNG/White puff/whitePuff15.png using Guid(bf3406462edd36047b82f35f4004e310) Importer(815301076,1909f56bfc062723c751e8b465ee728b)  -> (artifact id: 'f480298f3bb89380e8bb2add3627c3a8') in 0.019541 seconds 
========================================================================
Received Import Request.
  Time since last request: 0.000023 seconds.
  path: Assets/Effects/smokeparticleassets/PNG/White puff/whitePuff03.png
  artifactKey: Guid(44470dcdd61705141ad81ae5e76cdbbc) Importer(815301076,1909f56bfc062723c751e8b465ee728b)
Start importing Assets/Effects/smokeparticleassets/PNG/White puff/whitePuff03.png using Guid(44470dcdd61705141ad81ae5e76cdbbc) Importer(815301076,1909f56bfc062723c751e8b465ee728b)  -> (artifact id: '38dfdc32ea8bbd60ae86e7bcbe6449da') in 0.011760 seconds 
========================================================================
Received Import Request.
  Time since last request: 0.000021 seconds.
  path: Assets/Effects/smokeparticleassets/PNG/White puff/whitePuff23.png
  artifactKey: Guid(585ef571506154147ac3311ab7de24f1) Importer(815301076,1909f56bfc062723c751e8b465ee728b)
Start importing Assets/Effects/smokeparticleassets/PNG/White puff/whitePuff23.png using Guid(585ef571506154147ac3311ab7de24f1) Importer(815301076,1909f56bfc062723c751e8b465ee728b)  -> (artifact id: '9277a2b3ec039426e97cf66f68d3163a') in 0.012077 seconds 
========================================================================
Received Import Request.
  Time since last request: 0.000023 seconds.
  path: Assets/Effects/smokeparticleassets/PNG/White puff/whitePuff10.png
  artifactKey: Guid(9192d06c56f26994797eda1b553d96cb) Importer(815301076,1909f56bfc062723c751e8b465ee728b)
Start importing Assets/Effects/smokeparticleassets/PNG/White puff/whitePuff10.png using Guid(9192d06c56f26994797eda1b553d96cb) Importer(815301076,1909f56bfc062723c751e8b465ee728b)  -> (artifact id: '8246e045702e1899efe59b9cd9f0ad4c') in 0.013653 seconds 
========================================================================
Received Import Request.
  Time since last request: 0.000021 seconds.
  path: Assets/Effects/smokeparticleassets/PNG/White puff/whitePuff08.png
  artifactKey: Guid(7ed9fbd66d48f2748a55444b6dffbedb) Importer(815301076,1909f56bfc062723c751e8b465ee728b)
Start importing Assets/Effects/smokeparticleassets/PNG/White puff/whitePuff08.png using Guid(7ed9fbd66d48f2748a55444b6dffbedb) Importer(815301076,1909f56bfc062723c751e8b465ee728b)  -> (artifact id: 'a2cc2a55124ec47091b5668f5b9c3d6a') in 0.013939 seconds 
========================================================================
Received Import Request.
  Time since last request: 0.000020 seconds.
  path: Assets/Effects/smokeparticleassets/PNG/White puff/whitePuff20.png
  artifactKey: Guid(4e8bf6e6f86951b40a5037c4ddd85d30) Importer(815301076,1909f56bfc062723c751e8b465ee728b)
Start importing Assets/Effects/smokeparticleassets/PNG/White puff/whitePuff20.png using Guid(4e8bf6e6f86951b40a5037c4ddd85d30) Importer(815301076,1909f56bfc062723c751e8b465ee728b)  -> (artifact id: 'e0f5803bfa32466850980a00f977090b') in 0.012560 seconds 
========================================================================
Received Import Request.
  Time since last request: 0.000019 seconds.
  path: Assets/Effects/smokeparticleassets/PNG/White puff/whitePuff05.png
  artifactKey: Guid(d76eeeef101b3c34e93562f2eea788fe) Importer(815301076,1909f56bfc062723c751e8b465ee728b)
Start importing Assets/Effects/smokeparticleassets/PNG/White puff/whitePuff05.png using Guid(d76eeeef101b3c34e93562f2eea788fe) Importer(815301076,1909f56bfc062723c751e8b465ee728b)  -> (artifact id: 'c3b0829eff76c3450928a3d6096f34c5') in 0.011911 seconds 
========================================================================
Received Import Request.
  Time since last request: 0.000021 seconds.
  path: Assets/Effects/smokeparticleassets/PNG/White puff/whitePuff06.png
  artifactKey: Guid(100b0cc577a79bc4e8a34f8cb03b7692) Importer(815301076,1909f56bfc062723c751e8b465ee728b)
Start importing Assets/Effects/smokeparticleassets/PNG/White puff/whitePuff06.png using Guid(100b0cc577a79bc4e8a34f8cb03b7692) Importer(815301076,1909f56bfc062723c751e8b465ee728b)  -> (artifact id: '1fabaa3272a62bc8455369854a21c367') in 0.012627 seconds 
========================================================================
Received Import Request.
  Time since last request: 0.000021 seconds.
  path: Assets/Effects/smokeparticleassets/PNG/White puff/whitePuff17.png
  artifactKey: Guid(216b4ac98fa46714b95cd9ed2aa79d28) Importer(815301076,1909f56bfc062723c751e8b465ee728b)
Start importing Assets/Effects/smokeparticleassets/PNG/White puff/whitePuff17.png using Guid(216b4ac98fa46714b95cd9ed2aa79d28) Importer(815301076,1909f56bfc062723c751e8b465ee728b)  -> (artifact id: '0e7add88916b7f8ee3e2e61a7f93a9f3') in 0.012432 seconds 
========================================================================
Received Import Request.
  Time since last request: 0.000019 seconds.
  path: Assets/Effects/smokeparticleassets/PNG/White puff/whitePuff18.png
  artifactKey: Guid(7dcb947825be445468a47c1894ba565d) Importer(815301076,1909f56bfc062723c751e8b465ee728b)
Start importing Assets/Effects/smokeparticleassets/PNG/White puff/whitePuff18.png using Guid(7dcb947825be445468a47c1894ba565d) Importer(815301076,1909f56bfc062723c751e8b465ee728b)  -> (artifact id: '0944da1294dd840b5fd480a9e82c5095') in 0.011055 seconds 
Editor requested this worker to shutdown with reason: Scaling down because of idle timeout
AssetImportWorker is now disconnected from the server
Process exiting
Exiting without the bug reporter. Application will terminate with return code 0